{"numFailedTestSuites":2,"numFailedTests":9,"numPassedTestSuites":0,"numPassedTests":4,"numPendingTestSuites":0,"numPendingTests":0,"numRuntimeErrorTestSuites":0,"numTodoTests":0,"numTotalTestSuites":2,"numTotalTests":13,"openHandles":[],"snapshot":{"added":0,"didUpdate":false,"failure":false,"filesAdded":0,"filesRemoved":0,"filesRemovedList":[],"filesUnmatched":0,"filesUpdated":0,"matched":0,"total":0,"unchecked":0,"uncheckedKeysByFile":[],"unmatched":0,"updated":0},"startTime":1727375600422,"success":false,"testResults":[{"assertionResults":[{"ancestorTitles":["User Controller","registerUser"],"duration":113,"failureDetails":[{"matcherResult":{"actual":400,"expected":201,"message":"\u001b[2mexpect(\u001b[22m\u001b[31mreceived\u001b[39m\u001b[2m).\u001b[22mtoEqual\u001b[2m(\u001b[22m\u001b[32mexpected\u001b[39m\u001b[2m) // deep equality\u001b[22m\n\nExpected: \u001b[32m201\u001b[39m\nReceived: \u001b[31m400\u001b[39m","name":"toEqual","pass":false}}],"failureMessages":["Error: \u001b[2mexpect(\u001b[22m\u001b[31mreceived\u001b[39m\u001b[2m).\u001b[22mtoEqual\u001b[2m(\u001b[22m\u001b[32mexpected\u001b[39m\u001b[2m) // deep equality\u001b[22m\n\nExpected: \u001b[32m201\u001b[39m\nReceived: \u001b[31m400\u001b[39m\n    at Object.toEqual (C:\\Users\\p.minella\\Desktop\\MDTREZA\\backend\\tests\\controllers\\userController.test.js:31:36)\n    at processTicksAndRejections (node:internal/process/task_queues:95:5)"],"fullName":"User Controller registerUser devrait créer un nouvel utilisateur si les données sont valides","invocations":1,"location":null,"numPassingAsserts":0,"retryReasons":[],"status":"failed","title":"devrait créer un nouvel utilisateur si les données sont valides"},{"ancestorTitles":["User Controller","registerUser"],"duration":15,"failureDetails":[],"failureMessages":[],"fullName":"User Controller registerUser devrait retourner une erreur si l'email est déjà utilisé","invocations":1,"location":null,"numPassingAsserts":2,"retryReasons":[],"status":"passed","title":"devrait retourner une erreur si l'email est déjà utilisé"},{"ancestorTitles":["User Controller","loginUser"],"duration":21,"failureDetails":[],"failureMessages":[],"fullName":"User Controller loginUser devrait connecter un utilisateur avec des informations valides","invocations":1,"location":null,"numPassingAsserts":2,"retryReasons":[],"status":"passed","title":"devrait connecter un utilisateur avec des informations valides"},{"ancestorTitles":["User Controller","loginUser"],"duration":13,"failureDetails":[],"failureMessages":[],"fullName":"User Controller loginUser devrait retourner une erreur si les informations de connexion sont incorrectes","invocations":1,"location":null,"numPassingAsserts":2,"retryReasons":[],"status":"passed","title":"devrait retourner une erreur si les informations de connexion sont incorrectes"}],"endTime":1727375608551,"message":"\u001b[1m\u001b[31m  \u001b[1m● \u001b[22m\u001b[1mUser Controller › registerUser › devrait créer un nouvel utilisateur si les données sont valides\u001b[39m\u001b[22m\n\n    \u001b[2mexpect(\u001b[22m\u001b[31mreceived\u001b[39m\u001b[2m).\u001b[22mtoEqual\u001b[2m(\u001b[22m\u001b[32mexpected\u001b[39m\u001b[2m) // deep equality\u001b[22m\n\n    Expected: \u001b[32m201\u001b[39m\n    Received: \u001b[31m400\u001b[39m\n\u001b[2m\u001b[22m\n\u001b[2m    \u001b[0m \u001b[90m 29 |\u001b[39m\u001b[22m\n\u001b[2m     \u001b[90m 30 |\u001b[39m             console\u001b[33m.\u001b[39mlog(res\u001b[33m.\u001b[39mbody)\u001b[33m;\u001b[39m  \u001b[90m// Affiche le corps de la réponse pour déboguer\u001b[39m\u001b[22m\n\u001b[2m    \u001b[31m\u001b[1m>\u001b[22m\u001b[2m\u001b[39m\u001b[90m 31 |\u001b[39m             expect(res\u001b[33m.\u001b[39mstatusCode)\u001b[33m.\u001b[39mtoEqual(\u001b[35m201\u001b[39m)\u001b[33m;\u001b[39m\u001b[22m\n\u001b[2m     \u001b[90m    |\u001b[39m                                    \u001b[31m\u001b[1m^\u001b[22m\u001b[2m\u001b[39m\u001b[22m\n\u001b[2m     \u001b[90m 32 |\u001b[39m             expect(res\u001b[33m.\u001b[39mbody)\u001b[33m.\u001b[39mtoHaveProperty(\u001b[32m'id'\u001b[39m)\u001b[33m;\u001b[39m\u001b[22m\n\u001b[2m     \u001b[90m 33 |\u001b[39m             expect(res\u001b[33m.\u001b[39mbody)\u001b[33m.\u001b[39mtoHaveProperty(\u001b[32m'token'\u001b[39m)\u001b[33m;\u001b[39m\u001b[22m\n\u001b[2m     \u001b[90m 34 |\u001b[39m         })\u001b[33m;\u001b[39m\u001b[0m\u001b[22m\n\u001b[2m\u001b[22m\n\u001b[2m      \u001b[2mat Object.toEqual (\u001b[22m\u001b[2m\u001b[0m\u001b[36mtests/controllers/userController.test.js\u001b[39m\u001b[0m\u001b[2m:31:36)\u001b[22m\u001b[2m\u001b[22m\n","name":"C:\\Users\\p.minella\\Desktop\\MDTREZA\\backend\\tests\\controllers\\userController.test.js","startTime":1727375601618,"status":"failed","summary":""},{"assertionResults":[{"ancestorTitles":["Service Controller","getAllServices"],"duration":115,"failureDetails":[{"matcherResult":{"actual":[{"id":1,"nom":"Massage relaxant","description":"Un massage complet du corps, conçu pour éliminer les tensions et apporter une relaxation profonde. Parfait pour se détendre après une journée stressante.","prix":78,"createdAt":"2023-01-01T00:00:00.000Z","updatedAt":"2023-01-31T00:00:00.000Z"},{"id":2,"nom":"Soins du visage","description":"Un soin du visage personnalisé utilisant des produits naturels pour purifier et revitaliser la peau, redonnant éclat et douceur.","prix":96,"createdAt":"2023-01-11T00:00:00.000Z","updatedAt":"2023-02-10T00:00:00.000Z"},{"id":3,"nom":"Bain thermal","description":"Profitez des bienfaits des eaux thermales dans un bain apaisant, relaxant les muscles et améliorant la circulation sanguine.","prix":124,"createdAt":"2023-01-21T00:00:00.000Z","updatedAt":"2023-02-20T00:00:00.000Z"},{"id":4,"nom":"Hydrothérapie","description":"Un traitement utilisant l'eau pour soulager les douleurs musculaires et articulaires. Idéal pour ceux souffrant de rhumatismes ou de douleurs chroniques.","prix":55,"createdAt":"2023-01-31T00:00:00.000Z","updatedAt":"2023-03-02T00:00:00.000Z"},{"id":5,"nom":"Enveloppement d'algues","description":"Un enveloppement d'algues riche en minéraux, conçu pour détoxifier le corps, hydrater la peau et favoriser une sensation de bien-être général.","prix":66,"createdAt":"2023-02-10T00:00:00.000Z","updatedAt":"2023-03-12T00:00:00.000Z"},{"id":6,"nom":"Réflexologie","description":"Une thérapie naturelle qui stimule les points réflexes des pieds pour soulager les tensions, améliorer la circulation et favoriser une détente globale.","prix":88,"createdAt":"2023-02-20T00:00:00.000Z","updatedAt":"2023-03-22T00:00:00.000Z"},{"id":7,"nom":"Aromathérapie","description":"Un soin utilisant des huiles essentielles pour équilibrer le corps et l'esprit, offrant une expérience multisensorielle de relaxation.","prix":100,"createdAt":"2023-03-02T00:00:00.000Z","updatedAt":"2023-04-01T00:00:00.000Z"},{"id":8,"nom":"Balnéothérapie","description":"Un traitement complet dans une baignoire d'hydromassage, combinant les bienfaits de l'eau et du mouvement pour apaiser les douleurs et améliorer la circulation.","prix":130,"createdAt":"2023-03-12T00:00:00.000Z","updatedAt":"2023-04-11T00:00:00.000Z"},{"id":9,"nom":"Cure de boisson","description":"Une cure thérapeutique de boisson d'eau thermale aux propriétés purifiantes, idéale pour améliorer la digestion et éliminer les toxines.","prix":53,"createdAt":"2023-03-22T00:00:00.000Z","updatedAt":"2023-04-21T00:00:00.000Z"},{"id":10,"nom":"Sauna thérapeutique","description":"Une séance de sauna thérapeutique qui permet de transpirer abondamment, favorisant la détoxification et la relaxation musculaire.","prix":111,"createdAt":"2023-04-01T00:00:00.000Z","updatedAt":"2023-05-01T00:00:00.000Z"}],"expected":[{"id":1,"nom":"Massage","description":"Relaxant","prix":50},{"id":2,"nom":"Soins du visage","description":"Hydratant","prix":70}],"message":"\u001b[2mexpect(\u001b[22m\u001b[31mreceived\u001b[39m\u001b[2m).\u001b[22mtoEqual\u001b[2m(\u001b[22m\u001b[32mexpected\u001b[39m\u001b[2m) // deep equality\u001b[22m\n\n\u001b[32m- Expected  -  5\u001b[39m\n\u001b[31m+ Received  + 73\u001b[39m\n\n\u001b[2m  Array [\u001b[22m\n\u001b[2m    Object {\u001b[22m\n\u001b[32m-     \"description\": \"Relaxant\",\u001b[39m\n\u001b[31m+     \"createdAt\": \"2023-01-01T00:00:00.000Z\",\u001b[39m\n\u001b[31m+     \"description\": \"Un massage complet du corps, conçu pour éliminer les tensions et apporter une relaxation profonde. Parfait pour se détendre après une journée stressante.\",\u001b[39m\n\u001b[2m      \"id\": 1,\u001b[22m\n\u001b[32m-     \"nom\": \"Massage\",\u001b[39m\n\u001b[32m-     \"prix\": 50,\u001b[39m\n\u001b[31m+     \"nom\": \"Massage relaxant\",\u001b[39m\n\u001b[31m+     \"prix\": 78,\u001b[39m\n\u001b[31m+     \"updatedAt\": \"2023-01-31T00:00:00.000Z\",\u001b[39m\n\u001b[2m    },\u001b[22m\n\u001b[2m    Object {\u001b[22m\n\u001b[32m-     \"description\": \"Hydratant\",\u001b[39m\n\u001b[31m+     \"createdAt\": \"2023-01-11T00:00:00.000Z\",\u001b[39m\n\u001b[31m+     \"description\": \"Un soin du visage personnalisé utilisant des produits naturels pour purifier et revitaliser la peau, redonnant éclat et douceur.\",\u001b[39m\n\u001b[2m      \"id\": 2,\u001b[22m\n\u001b[2m      \"nom\": \"Soins du visage\",\u001b[22m\n\u001b[32m-     \"prix\": 70,\u001b[39m\n\u001b[31m+     \"prix\": 96,\u001b[39m\n\u001b[31m+     \"updatedAt\": \"2023-02-10T00:00:00.000Z\",\u001b[39m\n\u001b[31m+   },\u001b[39m\n\u001b[31m+   Object {\u001b[39m\n\u001b[31m+     \"createdAt\": \"2023-01-21T00:00:00.000Z\",\u001b[39m\n\u001b[31m+     \"description\": \"Profitez des bienfaits des eaux thermales dans un bain apaisant, relaxant les muscles et améliorant la circulation sanguine.\",\u001b[39m\n\u001b[31m+     \"id\": 3,\u001b[39m\n\u001b[31m+     \"nom\": \"Bain thermal\",\u001b[39m\n\u001b[31m+     \"prix\": 124,\u001b[39m\n\u001b[31m+     \"updatedAt\": \"2023-02-20T00:00:00.000Z\",\u001b[39m\n\u001b[31m+   },\u001b[39m\n\u001b[31m+   Object {\u001b[39m\n\u001b[31m+     \"createdAt\": \"2023-01-31T00:00:00.000Z\",\u001b[39m\n\u001b[31m+     \"description\": \"Un traitement utilisant l'eau pour soulager les douleurs musculaires et articulaires. Idéal pour ceux souffrant de rhumatismes ou de douleurs chroniques.\",\u001b[39m\n\u001b[31m+     \"id\": 4,\u001b[39m\n\u001b[31m+     \"nom\": \"Hydrothérapie\",\u001b[39m\n\u001b[31m+     \"prix\": 55,\u001b[39m\n\u001b[31m+     \"updatedAt\": \"2023-03-02T00:00:00.000Z\",\u001b[39m\n\u001b[31m+   },\u001b[39m\n\u001b[31m+   Object {\u001b[39m\n\u001b[31m+     \"createdAt\": \"2023-02-10T00:00:00.000Z\",\u001b[39m\n\u001b[31m+     \"description\": \"Un enveloppement d'algues riche en minéraux, conçu pour détoxifier le corps, hydrater la peau et favoriser une sensation de bien-être général.\",\u001b[39m\n\u001b[31m+     \"id\": 5,\u001b[39m\n\u001b[31m+     \"nom\": \"Enveloppement d'algues\",\u001b[39m\n\u001b[31m+     \"prix\": 66,\u001b[39m\n\u001b[31m+     \"updatedAt\": \"2023-03-12T00:00:00.000Z\",\u001b[39m\n\u001b[31m+   },\u001b[39m\n\u001b[31m+   Object {\u001b[39m\n\u001b[31m+     \"createdAt\": \"2023-02-20T00:00:00.000Z\",\u001b[39m\n\u001b[31m+     \"description\": \"Une thérapie naturelle qui stimule les points réflexes des pieds pour soulager les tensions, améliorer la circulation et favoriser une détente globale.\",\u001b[39m\n\u001b[31m+     \"id\": 6,\u001b[39m\n\u001b[31m+     \"nom\": \"Réflexologie\",\u001b[39m\n\u001b[31m+     \"prix\": 88,\u001b[39m\n\u001b[31m+     \"updatedAt\": \"2023-03-22T00:00:00.000Z\",\u001b[39m\n\u001b[31m+   },\u001b[39m\n\u001b[31m+   Object {\u001b[39m\n\u001b[31m+     \"createdAt\": \"2023-03-02T00:00:00.000Z\",\u001b[39m\n\u001b[31m+     \"description\": \"Un soin utilisant des huiles essentielles pour équilibrer le corps et l'esprit, offrant une expérience multisensorielle de relaxation.\",\u001b[39m\n\u001b[31m+     \"id\": 7,\u001b[39m\n\u001b[31m+     \"nom\": \"Aromathérapie\",\u001b[39m\n\u001b[31m+     \"prix\": 100,\u001b[39m\n\u001b[31m+     \"updatedAt\": \"2023-04-01T00:00:00.000Z\",\u001b[39m\n\u001b[31m+   },\u001b[39m\n\u001b[31m+   Object {\u001b[39m\n\u001b[31m+     \"createdAt\": \"2023-03-12T00:00:00.000Z\",\u001b[39m\n\u001b[31m+     \"description\": \"Un traitement complet dans une baignoire d'hydromassage, combinant les bienfaits de l'eau et du mouvement pour apaiser les douleurs et améliorer la circulation.\",\u001b[39m\n\u001b[31m+     \"id\": 8,\u001b[39m\n\u001b[31m+     \"nom\": \"Balnéothérapie\",\u001b[39m\n\u001b[31m+     \"prix\": 130,\u001b[39m\n\u001b[31m+     \"updatedAt\": \"2023-04-11T00:00:00.000Z\",\u001b[39m\n\u001b[31m+   },\u001b[39m\n\u001b[31m+   Object {\u001b[39m\n\u001b[31m+     \"createdAt\": \"2023-03-22T00:00:00.000Z\",\u001b[39m\n\u001b[31m+     \"description\": \"Une cure thérapeutique de boisson d'eau thermale aux propriétés purifiantes, idéale pour améliorer la digestion et éliminer les toxines.\",\u001b[39m\n\u001b[31m+     \"id\": 9,\u001b[39m\n\u001b[31m+     \"nom\": \"Cure de boisson\",\u001b[39m\n\u001b[31m+     \"prix\": 53,\u001b[39m\n\u001b[31m+     \"updatedAt\": \"2023-04-21T00:00:00.000Z\",\u001b[39m\n\u001b[31m+   },\u001b[39m\n\u001b[31m+   Object {\u001b[39m\n\u001b[31m+     \"createdAt\": \"2023-04-01T00:00:00.000Z\",\u001b[39m\n\u001b[31m+     \"description\": \"Une séance de sauna thérapeutique qui permet de transpirer abondamment, favorisant la détoxification et la relaxation musculaire.\",\u001b[39m\n\u001b[31m+     \"id\": 10,\u001b[39m\n\u001b[31m+     \"nom\": \"Sauna thérapeutique\",\u001b[39m\n\u001b[31m+     \"prix\": 111,\u001b[39m\n\u001b[31m+     \"updatedAt\": \"2023-05-01T00:00:00.000Z\",\u001b[39m\n\u001b[2m    },\u001b[22m\n\u001b[2m  ]\u001b[22m","name":"toEqual","pass":false}}],"failureMessages":["Error: \u001b[2mexpect(\u001b[22m\u001b[31mreceived\u001b[39m\u001b[2m).\u001b[22mtoEqual\u001b[2m(\u001b[22m\u001b[32mexpected\u001b[39m\u001b[2m) // deep equality\u001b[22m\n\n\u001b[32m- Expected  -  5\u001b[39m\n\u001b[31m+ Received  + 73\u001b[39m\n\n\u001b[2m  Array [\u001b[22m\n\u001b[2m    Object {\u001b[22m\n\u001b[32m-     \"description\": \"Relaxant\",\u001b[39m\n\u001b[31m+     \"createdAt\": \"2023-01-01T00:00:00.000Z\",\u001b[39m\n\u001b[31m+     \"description\": \"Un massage complet du corps, conçu pour éliminer les tensions et apporter une relaxation profonde. Parfait pour se détendre après une journée stressante.\",\u001b[39m\n\u001b[2m      \"id\": 1,\u001b[22m\n\u001b[32m-     \"nom\": \"Massage\",\u001b[39m\n\u001b[32m-     \"prix\": 50,\u001b[39m\n\u001b[31m+     \"nom\": \"Massage relaxant\",\u001b[39m\n\u001b[31m+     \"prix\": 78,\u001b[39m\n\u001b[31m+     \"updatedAt\": \"2023-01-31T00:00:00.000Z\",\u001b[39m\n\u001b[2m    },\u001b[22m\n\u001b[2m    Object {\u001b[22m\n\u001b[32m-     \"description\": \"Hydratant\",\u001b[39m\n\u001b[31m+     \"createdAt\": \"2023-01-11T00:00:00.000Z\",\u001b[39m\n\u001b[31m+     \"description\": \"Un soin du visage personnalisé utilisant des produits naturels pour purifier et revitaliser la peau, redonnant éclat et douceur.\",\u001b[39m\n\u001b[2m      \"id\": 2,\u001b[22m\n\u001b[2m      \"nom\": \"Soins du visage\",\u001b[22m\n\u001b[32m-     \"prix\": 70,\u001b[39m\n\u001b[31m+     \"prix\": 96,\u001b[39m\n\u001b[31m+     \"updatedAt\": \"2023-02-10T00:00:00.000Z\",\u001b[39m\n\u001b[31m+   },\u001b[39m\n\u001b[31m+   Object {\u001b[39m\n\u001b[31m+     \"createdAt\": \"2023-01-21T00:00:00.000Z\",\u001b[39m\n\u001b[31m+     \"description\": \"Profitez des bienfaits des eaux thermales dans un bain apaisant, relaxant les muscles et améliorant la circulation sanguine.\",\u001b[39m\n\u001b[31m+     \"id\": 3,\u001b[39m\n\u001b[31m+     \"nom\": \"Bain thermal\",\u001b[39m\n\u001b[31m+     \"prix\": 124,\u001b[39m\n\u001b[31m+     \"updatedAt\": \"2023-02-20T00:00:00.000Z\",\u001b[39m\n\u001b[31m+   },\u001b[39m\n\u001b[31m+   Object {\u001b[39m\n\u001b[31m+     \"createdAt\": \"2023-01-31T00:00:00.000Z\",\u001b[39m\n\u001b[31m+     \"description\": \"Un traitement utilisant l'eau pour soulager les douleurs musculaires et articulaires. Idéal pour ceux souffrant de rhumatismes ou de douleurs chroniques.\",\u001b[39m\n\u001b[31m+     \"id\": 4,\u001b[39m\n\u001b[31m+     \"nom\": \"Hydrothérapie\",\u001b[39m\n\u001b[31m+     \"prix\": 55,\u001b[39m\n\u001b[31m+     \"updatedAt\": \"2023-03-02T00:00:00.000Z\",\u001b[39m\n\u001b[31m+   },\u001b[39m\n\u001b[31m+   Object {\u001b[39m\n\u001b[31m+     \"createdAt\": \"2023-02-10T00:00:00.000Z\",\u001b[39m\n\u001b[31m+     \"description\": \"Un enveloppement d'algues riche en minéraux, conçu pour détoxifier le corps, hydrater la peau et favoriser une sensation de bien-être général.\",\u001b[39m\n\u001b[31m+     \"id\": 5,\u001b[39m\n\u001b[31m+     \"nom\": \"Enveloppement d'algues\",\u001b[39m\n\u001b[31m+     \"prix\": 66,\u001b[39m\n\u001b[31m+     \"updatedAt\": \"2023-03-12T00:00:00.000Z\",\u001b[39m\n\u001b[31m+   },\u001b[39m\n\u001b[31m+   Object {\u001b[39m\n\u001b[31m+     \"createdAt\": \"2023-02-20T00:00:00.000Z\",\u001b[39m\n\u001b[31m+     \"description\": \"Une thérapie naturelle qui stimule les points réflexes des pieds pour soulager les tensions, améliorer la circulation et favoriser une détente globale.\",\u001b[39m\n\u001b[31m+     \"id\": 6,\u001b[39m\n\u001b[31m+     \"nom\": \"Réflexologie\",\u001b[39m\n\u001b[31m+     \"prix\": 88,\u001b[39m\n\u001b[31m+     \"updatedAt\": \"2023-03-22T00:00:00.000Z\",\u001b[39m\n\u001b[31m+   },\u001b[39m\n\u001b[31m+   Object {\u001b[39m\n\u001b[31m+     \"createdAt\": \"2023-03-02T00:00:00.000Z\",\u001b[39m\n\u001b[31m+     \"description\": \"Un soin utilisant des huiles essentielles pour équilibrer le corps et l'esprit, offrant une expérience multisensorielle de relaxation.\",\u001b[39m\n\u001b[31m+     \"id\": 7,\u001b[39m\n\u001b[31m+     \"nom\": \"Aromathérapie\",\u001b[39m\n\u001b[31m+     \"prix\": 100,\u001b[39m\n\u001b[31m+     \"updatedAt\": \"2023-04-01T00:00:00.000Z\",\u001b[39m\n\u001b[31m+   },\u001b[39m\n\u001b[31m+   Object {\u001b[39m\n\u001b[31m+     \"createdAt\": \"2023-03-12T00:00:00.000Z\",\u001b[39m\n\u001b[31m+     \"description\": \"Un traitement complet dans une baignoire d'hydromassage, combinant les bienfaits de l'eau et du mouvement pour apaiser les douleurs et améliorer la circulation.\",\u001b[39m\n\u001b[31m+     \"id\": 8,\u001b[39m\n\u001b[31m+     \"nom\": \"Balnéothérapie\",\u001b[39m\n\u001b[31m+     \"prix\": 130,\u001b[39m\n\u001b[31m+     \"updatedAt\": \"2023-04-11T00:00:00.000Z\",\u001b[39m\n\u001b[31m+   },\u001b[39m\n\u001b[31m+   Object {\u001b[39m\n\u001b[31m+     \"createdAt\": \"2023-03-22T00:00:00.000Z\",\u001b[39m\n\u001b[31m+     \"description\": \"Une cure thérapeutique de boisson d'eau thermale aux propriétés purifiantes, idéale pour améliorer la digestion et éliminer les toxines.\",\u001b[39m\n\u001b[31m+     \"id\": 9,\u001b[39m\n\u001b[31m+     \"nom\": \"Cure de boisson\",\u001b[39m\n\u001b[31m+     \"prix\": 53,\u001b[39m\n\u001b[31m+     \"updatedAt\": \"2023-04-21T00:00:00.000Z\",\u001b[39m\n\u001b[31m+   },\u001b[39m\n\u001b[31m+   Object {\u001b[39m\n\u001b[31m+     \"createdAt\": \"2023-04-01T00:00:00.000Z\",\u001b[39m\n\u001b[31m+     \"description\": \"Une séance de sauna thérapeutique qui permet de transpirer abondamment, favorisant la détoxification et la relaxation musculaire.\",\u001b[39m\n\u001b[31m+     \"id\": 10,\u001b[39m\n\u001b[31m+     \"nom\": \"Sauna thérapeutique\",\u001b[39m\n\u001b[31m+     \"prix\": 111,\u001b[39m\n\u001b[31m+     \"updatedAt\": \"2023-05-01T00:00:00.000Z\",\u001b[39m\n\u001b[2m    },\u001b[22m\n\u001b[2m  ]\u001b[22m\n    at Object.toEqual (C:\\Users\\p.minella\\Desktop\\MDTREZA\\backend\\tests\\controllers\\serviceController.test.js:30:30)\n    at processTicksAndRejections (node:internal/process/task_queues:95:5)"],"fullName":"Service Controller getAllServices devrait retourner la liste de tous les services","invocations":1,"location":null,"numPassingAsserts":1,"retryReasons":[],"status":"failed","title":"devrait retourner la liste de tous les services"},{"ancestorTitles":["Service Controller","getServiceById"],"duration":17,"failureDetails":[{"matcherResult":{"actual":{"id":1,"nom":"Massage relaxant","description":"Un massage complet du corps, conçu pour éliminer les tensions et apporter une relaxation profonde. Parfait pour se détendre après une journée stressante.","prix":78,"createdAt":"2023-01-01T00:00:00.000Z","updatedAt":"2023-01-31T00:00:00.000Z"},"expected":{"id":1,"nom":"Massage","description":"Relaxant","prix":50},"message":"\u001b[2mexpect(\u001b[22m\u001b[31mreceived\u001b[39m\u001b[2m).\u001b[22mtoEqual\u001b[2m(\u001b[22m\u001b[32mexpected\u001b[39m\u001b[2m) // deep equality\u001b[22m\n\n\u001b[32m- Expected  - 3\u001b[39m\n\u001b[31m+ Received  + 5\u001b[39m\n\n\u001b[2m  Object {\u001b[22m\n\u001b[32m-   \"description\": \"Relaxant\",\u001b[39m\n\u001b[31m+   \"createdAt\": \"2023-01-01T00:00:00.000Z\",\u001b[39m\n\u001b[31m+   \"description\": \"Un massage complet du corps, conçu pour éliminer les tensions et apporter une relaxation profonde. Parfait pour se détendre après une journée stressante.\",\u001b[39m\n\u001b[2m    \"id\": 1,\u001b[22m\n\u001b[32m-   \"nom\": \"Massage\",\u001b[39m\n\u001b[32m-   \"prix\": 50,\u001b[39m\n\u001b[31m+   \"nom\": \"Massage relaxant\",\u001b[39m\n\u001b[31m+   \"prix\": 78,\u001b[39m\n\u001b[31m+   \"updatedAt\": \"2023-01-31T00:00:00.000Z\",\u001b[39m\n\u001b[2m  }\u001b[22m","name":"toEqual","pass":false}}],"failureMessages":["Error: \u001b[2mexpect(\u001b[22m\u001b[31mreceived\u001b[39m\u001b[2m).\u001b[22mtoEqual\u001b[2m(\u001b[22m\u001b[32mexpected\u001b[39m\u001b[2m) // deep equality\u001b[22m\n\n\u001b[32m- Expected  - 3\u001b[39m\n\u001b[31m+ Received  + 5\u001b[39m\n\n\u001b[2m  Object {\u001b[22m\n\u001b[32m-   \"description\": \"Relaxant\",\u001b[39m\n\u001b[31m+   \"createdAt\": \"2023-01-01T00:00:00.000Z\",\u001b[39m\n\u001b[31m+   \"description\": \"Un massage complet du corps, conçu pour éliminer les tensions et apporter une relaxation profonde. Parfait pour se détendre après une journée stressante.\",\u001b[39m\n\u001b[2m    \"id\": 1,\u001b[22m\n\u001b[32m-   \"nom\": \"Massage\",\u001b[39m\n\u001b[32m-   \"prix\": 50,\u001b[39m\n\u001b[31m+   \"nom\": \"Massage relaxant\",\u001b[39m\n\u001b[31m+   \"prix\": 78,\u001b[39m\n\u001b[31m+   \"updatedAt\": \"2023-01-31T00:00:00.000Z\",\u001b[39m\n\u001b[2m  }\u001b[22m\n    at Object.toEqual (C:\\Users\\p.minella\\Desktop\\MDTREZA\\backend\\tests\\controllers\\serviceController.test.js:43:30)\n    at processTicksAndRejections (node:internal/process/task_queues:95:5)"],"fullName":"Service Controller getServiceById devrait retourner un service si l'ID est valide","invocations":1,"location":null,"numPassingAsserts":1,"retryReasons":[],"status":"failed","title":"devrait retourner un service si l'ID est valide"},{"ancestorTitles":["Service Controller","getServiceById"],"duration":11,"failureDetails":[],"failureMessages":[],"fullName":"Service Controller getServiceById devrait retourner une erreur si le service n'existe pas","invocations":1,"location":null,"numPassingAsserts":2,"retryReasons":[],"status":"passed","title":"devrait retourner une erreur si le service n'existe pas"},{"ancestorTitles":["Service Controller","addService"],"duration":34,"failureDetails":[{"matcherResult":{"actual":404,"expected":201,"message":"\u001b[2mexpect(\u001b[22m\u001b[31mreceived\u001b[39m\u001b[2m).\u001b[22mtoEqual\u001b[2m(\u001b[22m\u001b[32mexpected\u001b[39m\u001b[2m) // deep equality\u001b[22m\n\nExpected: \u001b[32m201\u001b[39m\nReceived: \u001b[31m404\u001b[39m","name":"toEqual","pass":false}}],"failureMessages":["Error: \u001b[2mexpect(\u001b[22m\u001b[31mreceived\u001b[39m\u001b[2m).\u001b[22mtoEqual\u001b[2m(\u001b[22m\u001b[32mexpected\u001b[39m\u001b[2m) // deep equality\u001b[22m\n\nExpected: \u001b[32m201\u001b[39m\nReceived: \u001b[31m404\u001b[39m\n    at Object.toEqual (C:\\Users\\p.minella\\Desktop\\MDTREZA\\backend\\tests\\controllers\\serviceController.test.js:67:36)\n    at processTicksAndRejections (node:internal/process/task_queues:95:5)"],"fullName":"Service Controller addService devrait ajouter un nouveau service avec des données valides","invocations":1,"location":null,"numPassingAsserts":0,"retryReasons":[],"status":"failed","title":"devrait ajouter un nouveau service avec des données valides"},{"ancestorTitles":["Service Controller","addService"],"duration":9,"failureDetails":[{"matcherResult":{"actual":404,"expected":400,"message":"\u001b[2mexpect(\u001b[22m\u001b[31mreceived\u001b[39m\u001b[2m).\u001b[22mtoEqual\u001b[2m(\u001b[22m\u001b[32mexpected\u001b[39m\u001b[2m) // deep equality\u001b[22m\n\nExpected: \u001b[32m400\u001b[39m\nReceived: \u001b[31m404\u001b[39m","name":"toEqual","pass":false}}],"failureMessages":["Error: \u001b[2mexpect(\u001b[22m\u001b[31mreceived\u001b[39m\u001b[2m).\u001b[22mtoEqual\u001b[2m(\u001b[22m\u001b[32mexpected\u001b[39m\u001b[2m) // deep equality\u001b[22m\n\nExpected: \u001b[32m400\u001b[39m\nReceived: \u001b[31m404\u001b[39m\n    at Object.toEqual (C:\\Users\\p.minella\\Desktop\\MDTREZA\\backend\\tests\\controllers\\serviceController.test.js:78:36)\n    at processTicksAndRejections (node:internal/process/task_queues:95:5)"],"fullName":"Service Controller addService devrait retourner une erreur si les données sont invalides","invocations":1,"location":null,"numPassingAsserts":0,"retryReasons":[],"status":"failed","title":"devrait retourner une erreur si les données sont invalides"},{"ancestorTitles":["Service Controller","updateService"],"duration":10,"failureDetails":[{"matcherResult":{"actual":401,"expected":200,"message":"\u001b[2mexpect(\u001b[22m\u001b[31mreceived\u001b[39m\u001b[2m).\u001b[22mtoEqual\u001b[2m(\u001b[22m\u001b[32mexpected\u001b[39m\u001b[2m) // deep equality\u001b[22m\n\nExpected: \u001b[32m200\u001b[39m\nReceived: \u001b[31m401\u001b[39m","name":"toEqual","pass":false}}],"failureMessages":["Error: \u001b[2mexpect(\u001b[22m\u001b[31mreceived\u001b[39m\u001b[2m).\u001b[22mtoEqual\u001b[2m(\u001b[22m\u001b[32mexpected\u001b[39m\u001b[2m) // deep equality\u001b[22m\n\nExpected: \u001b[32m200\u001b[39m\nReceived: \u001b[31m401\u001b[39m\n    at Object.toEqual (C:\\Users\\p.minella\\Desktop\\MDTREZA\\backend\\tests\\controllers\\serviceController.test.js:93:36)\n    at processTicksAndRejections (node:internal/process/task_queues:95:5)"],"fullName":"Service Controller updateService devrait mettre à jour un service existant","invocations":1,"location":null,"numPassingAsserts":0,"retryReasons":[],"status":"failed","title":"devrait mettre à jour un service existant"},{"ancestorTitles":["Service Controller","updateService"],"duration":12,"failureDetails":[{"matcherResult":{"actual":401,"expected":404,"message":"\u001b[2mexpect(\u001b[22m\u001b[31mreceived\u001b[39m\u001b[2m).\u001b[22mtoEqual\u001b[2m(\u001b[22m\u001b[32mexpected\u001b[39m\u001b[2m) // deep equality\u001b[22m\n\nExpected: \u001b[32m404\u001b[39m\nReceived: \u001b[31m401\u001b[39m","name":"toEqual","pass":false}}],"failureMessages":["Error: \u001b[2mexpect(\u001b[22m\u001b[31mreceived\u001b[39m\u001b[2m).\u001b[22mtoEqual\u001b[2m(\u001b[22m\u001b[32mexpected\u001b[39m\u001b[2m) // deep equality\u001b[22m\n\nExpected: \u001b[32m404\u001b[39m\nReceived: \u001b[31m401\u001b[39m\n    at Object.toEqual (C:\\Users\\p.minella\\Desktop\\MDTREZA\\backend\\tests\\controllers\\serviceController.test.js:104:36)\n    at processTicksAndRejections (node:internal/process/task_queues:95:5)"],"fullName":"Service Controller updateService devrait retourner une erreur si le service n'existe pas","invocations":1,"location":null,"numPassingAsserts":0,"retryReasons":[],"status":"failed","title":"devrait retourner une erreur si le service n'existe pas"},{"ancestorTitles":["Service Controller","deleteService"],"duration":11,"failureDetails":[{"matcherResult":{"actual":401,"expected":200,"message":"\u001b[2mexpect(\u001b[22m\u001b[31mreceived\u001b[39m\u001b[2m).\u001b[22mtoEqual\u001b[2m(\u001b[22m\u001b[32mexpected\u001b[39m\u001b[2m) // deep equality\u001b[22m\n\nExpected: \u001b[32m200\u001b[39m\nReceived: \u001b[31m401\u001b[39m","name":"toEqual","pass":false}}],"failureMessages":["Error: \u001b[2mexpect(\u001b[22m\u001b[31mreceived\u001b[39m\u001b[2m).\u001b[22mtoEqual\u001b[2m(\u001b[22m\u001b[32mexpected\u001b[39m\u001b[2m) // deep equality\u001b[22m\n\nExpected: \u001b[32m200\u001b[39m\nReceived: \u001b[31m401\u001b[39m\n    at Object.toEqual (C:\\Users\\p.minella\\Desktop\\MDTREZA\\backend\\tests\\controllers\\serviceController.test.js:116:36)\n    at processTicksAndRejections (node:internal/process/task_queues:95:5)"],"fullName":"Service Controller deleteService devrait supprimer un service existant","invocations":1,"location":null,"numPassingAsserts":0,"retryReasons":[],"status":"failed","title":"devrait supprimer un service existant"},{"ancestorTitles":["Service Controller","deleteService"],"duration":9,"failureDetails":[{"matcherResult":{"actual":401,"expected":404,"message":"\u001b[2mexpect(\u001b[22m\u001b[31mreceived\u001b[39m\u001b[2m).\u001b[22mtoEqual\u001b[2m(\u001b[22m\u001b[32mexpected\u001b[39m\u001b[2m) // deep equality\u001b[22m\n\nExpected: \u001b[32m404\u001b[39m\nReceived: \u001b[31m401\u001b[39m","name":"toEqual","pass":false}}],"failureMessages":["Error: \u001b[2mexpect(\u001b[22m\u001b[31mreceived\u001b[39m\u001b[2m).\u001b[22mtoEqual\u001b[2m(\u001b[22m\u001b[32mexpected\u001b[39m\u001b[2m) // deep equality\u001b[22m\n\nExpected: \u001b[32m404\u001b[39m\nReceived: \u001b[31m401\u001b[39m\n    at Object.toEqual (C:\\Users\\p.minella\\Desktop\\MDTREZA\\backend\\tests\\controllers\\serviceController.test.js:125:36)\n    at processTicksAndRejections (node:internal/process/task_queues:95:5)"],"fullName":"Service Controller deleteService devrait retourner une erreur si le service n'existe pas","invocations":1,"location":null,"numPassingAsserts":0,"retryReasons":[],"status":"failed","title":"devrait retourner une erreur si le service n'existe pas"}],"endTime":1727375608622,"message":"\u001b[1m\u001b[31m  \u001b[1m● \u001b[22m\u001b[1mService Controller › getAllServices › devrait retourner la liste de tous les services\u001b[39m\u001b[22m\n\n    \u001b[2mexpect(\u001b[22m\u001b[31mreceived\u001b[39m\u001b[2m).\u001b[22mtoEqual\u001b[2m(\u001b[22m\u001b[32mexpected\u001b[39m\u001b[2m) // deep equality\u001b[22m\n\n    \u001b[32m- Expected  -  5\u001b[39m\n    \u001b[31m+ Received  + 73\u001b[39m\n\n    \u001b[2m  Array [\u001b[22m\n    \u001b[2m    Object {\u001b[22m\n    \u001b[32m-     \"description\": \"Relaxant\",\u001b[39m\n    \u001b[31m+     \"createdAt\": \"2023-01-01T00:00:00.000Z\",\u001b[39m\n    \u001b[31m+     \"description\": \"Un massage complet du corps, conçu pour éliminer les tensions et apporter une relaxation profonde. Parfait pour se détendre après une journée stressante.\",\u001b[39m\n    \u001b[2m      \"id\": 1,\u001b[22m\n    \u001b[32m-     \"nom\": \"Massage\",\u001b[39m\n    \u001b[32m-     \"prix\": 50,\u001b[39m\n    \u001b[31m+     \"nom\": \"Massage relaxant\",\u001b[39m\n    \u001b[31m+     \"prix\": 78,\u001b[39m\n    \u001b[31m+     \"updatedAt\": \"2023-01-31T00:00:00.000Z\",\u001b[39m\n    \u001b[2m    },\u001b[22m\n    \u001b[2m    Object {\u001b[22m\n    \u001b[32m-     \"description\": \"Hydratant\",\u001b[39m\n    \u001b[31m+     \"createdAt\": \"2023-01-11T00:00:00.000Z\",\u001b[39m\n    \u001b[31m+     \"description\": \"Un soin du visage personnalisé utilisant des produits naturels pour purifier et revitaliser la peau, redonnant éclat et douceur.\",\u001b[39m\n    \u001b[2m      \"id\": 2,\u001b[22m\n    \u001b[2m      \"nom\": \"Soins du visage\",\u001b[22m\n    \u001b[32m-     \"prix\": 70,\u001b[39m\n    \u001b[31m+     \"prix\": 96,\u001b[39m\n    \u001b[31m+     \"updatedAt\": \"2023-02-10T00:00:00.000Z\",\u001b[39m\n    \u001b[31m+   },\u001b[39m\n    \u001b[31m+   Object {\u001b[39m\n    \u001b[31m+     \"createdAt\": \"2023-01-21T00:00:00.000Z\",\u001b[39m\n    \u001b[31m+     \"description\": \"Profitez des bienfaits des eaux thermales dans un bain apaisant, relaxant les muscles et améliorant la circulation sanguine.\",\u001b[39m\n    \u001b[31m+     \"id\": 3,\u001b[39m\n    \u001b[31m+     \"nom\": \"Bain thermal\",\u001b[39m\n    \u001b[31m+     \"prix\": 124,\u001b[39m\n    \u001b[31m+     \"updatedAt\": \"2023-02-20T00:00:00.000Z\",\u001b[39m\n    \u001b[31m+   },\u001b[39m\n    \u001b[31m+   Object {\u001b[39m\n    \u001b[31m+     \"createdAt\": \"2023-01-31T00:00:00.000Z\",\u001b[39m\n    \u001b[31m+     \"description\": \"Un traitement utilisant l'eau pour soulager les douleurs musculaires et articulaires. Idéal pour ceux souffrant de rhumatismes ou de douleurs chroniques.\",\u001b[39m\n    \u001b[31m+     \"id\": 4,\u001b[39m\n    \u001b[31m+     \"nom\": \"Hydrothérapie\",\u001b[39m\n    \u001b[31m+     \"prix\": 55,\u001b[39m\n    \u001b[31m+     \"updatedAt\": \"2023-03-02T00:00:00.000Z\",\u001b[39m\n    \u001b[31m+   },\u001b[39m\n    \u001b[31m+   Object {\u001b[39m\n    \u001b[31m+     \"createdAt\": \"2023-02-10T00:00:00.000Z\",\u001b[39m\n    \u001b[31m+     \"description\": \"Un enveloppement d'algues riche en minéraux, conçu pour détoxifier le corps, hydrater la peau et favoriser une sensation de bien-être général.\",\u001b[39m\n    \u001b[31m+     \"id\": 5,\u001b[39m\n    \u001b[31m+     \"nom\": \"Enveloppement d'algues\",\u001b[39m\n    \u001b[31m+     \"prix\": 66,\u001b[39m\n    \u001b[31m+     \"updatedAt\": \"2023-03-12T00:00:00.000Z\",\u001b[39m\n    \u001b[31m+   },\u001b[39m\n    \u001b[31m+   Object {\u001b[39m\n    \u001b[31m+     \"createdAt\": \"2023-02-20T00:00:00.000Z\",\u001b[39m\n    \u001b[31m+     \"description\": \"Une thérapie naturelle qui stimule les points réflexes des pieds pour soulager les tensions, améliorer la circulation et favoriser une détente globale.\",\u001b[39m\n    \u001b[31m+     \"id\": 6,\u001b[39m\n    \u001b[31m+     \"nom\": \"Réflexologie\",\u001b[39m\n    \u001b[31m+     \"prix\": 88,\u001b[39m\n    \u001b[31m+     \"updatedAt\": \"2023-03-22T00:00:00.000Z\",\u001b[39m\n    \u001b[31m+   },\u001b[39m\n    \u001b[31m+   Object {\u001b[39m\n    \u001b[31m+     \"createdAt\": \"2023-03-02T00:00:00.000Z\",\u001b[39m\n    \u001b[31m+     \"description\": \"Un soin utilisant des huiles essentielles pour équilibrer le corps et l'esprit, offrant une expérience multisensorielle de relaxation.\",\u001b[39m\n    \u001b[31m+     \"id\": 7,\u001b[39m\n    \u001b[31m+     \"nom\": \"Aromathérapie\",\u001b[39m\n    \u001b[31m+     \"prix\": 100,\u001b[39m\n    \u001b[31m+     \"updatedAt\": \"2023-04-01T00:00:00.000Z\",\u001b[39m\n    \u001b[31m+   },\u001b[39m\n    \u001b[31m+   Object {\u001b[39m\n    \u001b[31m+     \"createdAt\": \"2023-03-12T00:00:00.000Z\",\u001b[39m\n    \u001b[31m+     \"description\": \"Un traitement complet dans une baignoire d'hydromassage, combinant les bienfaits de l'eau et du mouvement pour apaiser les douleurs et améliorer la circulation.\",\u001b[39m\n    \u001b[31m+     \"id\": 8,\u001b[39m\n    \u001b[31m+     \"nom\": \"Balnéothérapie\",\u001b[39m\n    \u001b[31m+     \"prix\": 130,\u001b[39m\n    \u001b[31m+     \"updatedAt\": \"2023-04-11T00:00:00.000Z\",\u001b[39m\n    \u001b[31m+   },\u001b[39m\n    \u001b[31m+   Object {\u001b[39m\n    \u001b[31m+     \"createdAt\": \"2023-03-22T00:00:00.000Z\",\u001b[39m\n    \u001b[31m+     \"description\": \"Une cure thérapeutique de boisson d'eau thermale aux propriétés purifiantes, idéale pour améliorer la digestion et éliminer les toxines.\",\u001b[39m\n    \u001b[31m+     \"id\": 9,\u001b[39m\n    \u001b[31m+     \"nom\": \"Cure de boisson\",\u001b[39m\n    \u001b[31m+     \"prix\": 53,\u001b[39m\n    \u001b[31m+     \"updatedAt\": \"2023-04-21T00:00:00.000Z\",\u001b[39m\n    \u001b[31m+   },\u001b[39m\n    \u001b[31m+   Object {\u001b[39m\n    \u001b[31m+     \"createdAt\": \"2023-04-01T00:00:00.000Z\",\u001b[39m\n    \u001b[31m+     \"description\": \"Une séance de sauna thérapeutique qui permet de transpirer abondamment, favorisant la détoxification et la relaxation musculaire.\",\u001b[39m\n    \u001b[31m+     \"id\": 10,\u001b[39m\n    \u001b[31m+     \"nom\": \"Sauna thérapeutique\",\u001b[39m\n    \u001b[31m+     \"prix\": 111,\u001b[39m\n    \u001b[31m+     \"updatedAt\": \"2023-05-01T00:00:00.000Z\",\u001b[39m\n    \u001b[2m    },\u001b[22m\n    \u001b[2m  ]\u001b[22m\n\u001b[2m\u001b[22m\n\u001b[2m    \u001b[0m \u001b[90m 28 |\u001b[39m\u001b[22m\n\u001b[2m     \u001b[90m 29 |\u001b[39m             expect(res\u001b[33m.\u001b[39mstatusCode)\u001b[33m.\u001b[39mtoEqual(\u001b[35m200\u001b[39m)\u001b[33m;\u001b[39m\u001b[22m\n\u001b[2m    \u001b[31m\u001b[1m>\u001b[22m\u001b[2m\u001b[39m\u001b[90m 30 |\u001b[39m             expect(res\u001b[33m.\u001b[39mbody)\u001b[33m.\u001b[39mtoEqual(mockServices)\u001b[33m;\u001b[39m\u001b[22m\n\u001b[2m     \u001b[90m    |\u001b[39m                              \u001b[31m\u001b[1m^\u001b[22m\u001b[2m\u001b[39m\u001b[22m\n\u001b[2m     \u001b[90m 31 |\u001b[39m         })\u001b[33m;\u001b[39m\u001b[22m\n\u001b[2m     \u001b[90m 32 |\u001b[39m     })\u001b[33m;\u001b[39m\u001b[22m\n\u001b[2m     \u001b[90m 33 |\u001b[39m\u001b[0m\u001b[22m\n\u001b[2m\u001b[22m\n\u001b[2m      \u001b[2mat Object.toEqual (\u001b[22m\u001b[2m\u001b[0m\u001b[36mtests/controllers/serviceController.test.js\u001b[39m\u001b[0m\u001b[2m:30:30)\u001b[22m\u001b[2m\u001b[22m\n\n\u001b[1m\u001b[31m  \u001b[1m● \u001b[22m\u001b[1mService Controller › getServiceById › devrait retourner un service si l'ID est valide\u001b[39m\u001b[22m\n\n    \u001b[2mexpect(\u001b[22m\u001b[31mreceived\u001b[39m\u001b[2m).\u001b[22mtoEqual\u001b[2m(\u001b[22m\u001b[32mexpected\u001b[39m\u001b[2m) // deep equality\u001b[22m\n\n    \u001b[32m- Expected  - 3\u001b[39m\n    \u001b[31m+ Received  + 5\u001b[39m\n\n    \u001b[2m  Object {\u001b[22m\n    \u001b[32m-   \"description\": \"Relaxant\",\u001b[39m\n    \u001b[31m+   \"createdAt\": \"2023-01-01T00:00:00.000Z\",\u001b[39m\n    \u001b[31m+   \"description\": \"Un massage complet du corps, conçu pour éliminer les tensions et apporter une relaxation profonde. Parfait pour se détendre après une journée stressante.\",\u001b[39m\n    \u001b[2m    \"id\": 1,\u001b[22m\n    \u001b[32m-   \"nom\": \"Massage\",\u001b[39m\n    \u001b[32m-   \"prix\": 50,\u001b[39m\n    \u001b[31m+   \"nom\": \"Massage relaxant\",\u001b[39m\n    \u001b[31m+   \"prix\": 78,\u001b[39m\n    \u001b[31m+   \"updatedAt\": \"2023-01-31T00:00:00.000Z\",\u001b[39m\n    \u001b[2m  }\u001b[22m\n\u001b[2m\u001b[22m\n\u001b[2m    \u001b[0m \u001b[90m 41 |\u001b[39m\u001b[22m\n\u001b[2m     \u001b[90m 42 |\u001b[39m             expect(res\u001b[33m.\u001b[39mstatusCode)\u001b[33m.\u001b[39mtoEqual(\u001b[35m200\u001b[39m)\u001b[33m;\u001b[39m\u001b[22m\n\u001b[2m    \u001b[31m\u001b[1m>\u001b[22m\u001b[2m\u001b[39m\u001b[90m 43 |\u001b[39m             expect(res\u001b[33m.\u001b[39mbody)\u001b[33m.\u001b[39mtoEqual(mockService)\u001b[33m;\u001b[39m\u001b[22m\n\u001b[2m     \u001b[90m    |\u001b[39m                              \u001b[31m\u001b[1m^\u001b[22m\u001b[2m\u001b[39m\u001b[22m\n\u001b[2m     \u001b[90m 44 |\u001b[39m         })\u001b[33m;\u001b[39m\u001b[22m\n\u001b[2m     \u001b[90m 45 |\u001b[39m\u001b[22m\n\u001b[2m     \u001b[90m 46 |\u001b[39m         it(\u001b[32m'devrait retourner une erreur si le service n\\'existe pas'\u001b[39m\u001b[33m,\u001b[39m \u001b[36masync\u001b[39m () \u001b[33m=>\u001b[39m {\u001b[0m\u001b[22m\n\u001b[2m\u001b[22m\n\u001b[2m      \u001b[2mat Object.toEqual (\u001b[22m\u001b[2m\u001b[0m\u001b[36mtests/controllers/serviceController.test.js\u001b[39m\u001b[0m\u001b[2m:43:30)\u001b[22m\u001b[2m\u001b[22m\n\n\u001b[1m\u001b[31m  \u001b[1m● \u001b[22m\u001b[1mService Controller › addService › devrait ajouter un nouveau service avec des données valides\u001b[39m\u001b[22m\n\n    \u001b[2mexpect(\u001b[22m\u001b[31mreceived\u001b[39m\u001b[2m).\u001b[22mtoEqual\u001b[2m(\u001b[22m\u001b[32mexpected\u001b[39m\u001b[2m) // deep equality\u001b[22m\n\n    Expected: \u001b[32m201\u001b[39m\n    Received: \u001b[31m404\u001b[39m\n\u001b[2m\u001b[22m\n\u001b[2m    \u001b[0m \u001b[90m 65 |\u001b[39m                 \u001b[33m.\u001b[39msend(newService)\u001b[33m;\u001b[39m\u001b[22m\n\u001b[2m     \u001b[90m 66 |\u001b[39m\u001b[22m\n\u001b[2m    \u001b[31m\u001b[1m>\u001b[22m\u001b[2m\u001b[39m\u001b[90m 67 |\u001b[39m             expect(res\u001b[33m.\u001b[39mstatusCode)\u001b[33m.\u001b[39mtoEqual(\u001b[35m201\u001b[39m)\u001b[33m;\u001b[39m\u001b[22m\n\u001b[2m     \u001b[90m    |\u001b[39m                                    \u001b[31m\u001b[1m^\u001b[22m\u001b[2m\u001b[39m\u001b[22m\n\u001b[2m     \u001b[90m 68 |\u001b[39m             expect(res\u001b[33m.\u001b[39mbody)\u001b[33m.\u001b[39mtoEqual(mockCreatedService)\u001b[33m;\u001b[39m\u001b[22m\n\u001b[2m     \u001b[90m 69 |\u001b[39m         })\u001b[33m;\u001b[39m\u001b[22m\n\u001b[2m     \u001b[90m 70 |\u001b[39m\u001b[0m\u001b[22m\n\u001b[2m\u001b[22m\n\u001b[2m      \u001b[2mat Object.toEqual (\u001b[22m\u001b[2m\u001b[0m\u001b[36mtests/controllers/serviceController.test.js\u001b[39m\u001b[0m\u001b[2m:67:36)\u001b[22m\u001b[2m\u001b[22m\n\n\u001b[1m\u001b[31m  \u001b[1m● \u001b[22m\u001b[1mService Controller › addService › devrait retourner une erreur si les données sont invalides\u001b[39m\u001b[22m\n\n    \u001b[2mexpect(\u001b[22m\u001b[31mreceived\u001b[39m\u001b[2m).\u001b[22mtoEqual\u001b[2m(\u001b[22m\u001b[32mexpected\u001b[39m\u001b[2m) // deep equality\u001b[22m\n\n    Expected: \u001b[32m400\u001b[39m\n    Received: \u001b[31m404\u001b[39m\n\u001b[2m\u001b[22m\n\u001b[2m    \u001b[0m \u001b[90m 76 |\u001b[39m                 \u001b[33m.\u001b[39msend(invalidService)\u001b[33m;\u001b[39m\u001b[22m\n\u001b[2m     \u001b[90m 77 |\u001b[39m\u001b[22m\n\u001b[2m    \u001b[31m\u001b[1m>\u001b[22m\u001b[2m\u001b[39m\u001b[90m 78 |\u001b[39m             expect(res\u001b[33m.\u001b[39mstatusCode)\u001b[33m.\u001b[39mtoEqual(\u001b[35m400\u001b[39m)\u001b[33m;\u001b[39m\u001b[22m\n\u001b[2m     \u001b[90m    |\u001b[39m                                    \u001b[31m\u001b[1m^\u001b[22m\u001b[2m\u001b[39m\u001b[22m\n\u001b[2m     \u001b[90m 79 |\u001b[39m             expect(res\u001b[33m.\u001b[39mbody\u001b[33m.\u001b[39mmessage)\u001b[33m.\u001b[39mtoBeDefined()\u001b[33m;\u001b[39m\u001b[22m\n\u001b[2m     \u001b[90m 80 |\u001b[39m         })\u001b[33m;\u001b[39m\u001b[22m\n\u001b[2m     \u001b[90m 81 |\u001b[39m     })\u001b[33m;\u001b[39m\u001b[0m\u001b[22m\n\u001b[2m\u001b[22m\n\u001b[2m      \u001b[2mat Object.toEqual (\u001b[22m\u001b[2m\u001b[0m\u001b[36mtests/controllers/serviceController.test.js\u001b[39m\u001b[0m\u001b[2m:78:36)\u001b[22m\u001b[2m\u001b[22m\n\n\u001b[1m\u001b[31m  \u001b[1m● \u001b[22m\u001b[1mService Controller › updateService › devrait mettre à jour un service existant\u001b[39m\u001b[22m\n\n    \u001b[2mexpect(\u001b[22m\u001b[31mreceived\u001b[39m\u001b[2m).\u001b[22mtoEqual\u001b[2m(\u001b[22m\u001b[32mexpected\u001b[39m\u001b[2m) // deep equality\u001b[22m\n\n    Expected: \u001b[32m200\u001b[39m\n    Received: \u001b[31m401\u001b[39m\n\u001b[2m\u001b[22m\n\u001b[2m    \u001b[0m \u001b[90m 91 |\u001b[39m                 \u001b[33m.\u001b[39msend(updatedService)\u001b[33m;\u001b[39m\u001b[22m\n\u001b[2m     \u001b[90m 92 |\u001b[39m\u001b[22m\n\u001b[2m    \u001b[31m\u001b[1m>\u001b[22m\u001b[2m\u001b[39m\u001b[90m 93 |\u001b[39m             expect(res\u001b[33m.\u001b[39mstatusCode)\u001b[33m.\u001b[39mtoEqual(\u001b[35m200\u001b[39m)\u001b[33m;\u001b[39m\u001b[22m\n\u001b[2m     \u001b[90m    |\u001b[39m                                    \u001b[31m\u001b[1m^\u001b[22m\u001b[2m\u001b[39m\u001b[22m\n\u001b[2m     \u001b[90m 94 |\u001b[39m             expect(res\u001b[33m.\u001b[39mbody\u001b[33m.\u001b[39mmessage)\u001b[33m.\u001b[39mtoEqual(\u001b[32m'Service mis à jour avec succès'\u001b[39m)\u001b[33m;\u001b[39m\u001b[22m\n\u001b[2m     \u001b[90m 95 |\u001b[39m         })\u001b[33m;\u001b[39m\u001b[22m\n\u001b[2m     \u001b[90m 96 |\u001b[39m\u001b[0m\u001b[22m\n\u001b[2m\u001b[22m\n\u001b[2m      \u001b[2mat Object.toEqual (\u001b[22m\u001b[2m\u001b[0m\u001b[36mtests/controllers/serviceController.test.js\u001b[39m\u001b[0m\u001b[2m:93:36)\u001b[22m\u001b[2m\u001b[22m\n\n\u001b[1m\u001b[31m  \u001b[1m● \u001b[22m\u001b[1mService Controller › updateService › devrait retourner une erreur si le service n'existe pas\u001b[39m\u001b[22m\n\n    \u001b[2mexpect(\u001b[22m\u001b[31mreceived\u001b[39m\u001b[2m).\u001b[22mtoEqual\u001b[2m(\u001b[22m\u001b[32mexpected\u001b[39m\u001b[2m) // deep equality\u001b[22m\n\n    Expected: \u001b[32m404\u001b[39m\n    Received: \u001b[31m401\u001b[39m\n\u001b[2m\u001b[22m\n\u001b[2m    \u001b[0m \u001b[90m 102 |\u001b[39m                 \u001b[33m.\u001b[39msend({ nom\u001b[33m:\u001b[39m \u001b[32m'Nouveau nom'\u001b[39m\u001b[33m,\u001b[39m prix\u001b[33m:\u001b[39m \u001b[35m100\u001b[39m })\u001b[33m;\u001b[39m\u001b[22m\n\u001b[2m     \u001b[90m 103 |\u001b[39m\u001b[22m\n\u001b[2m    \u001b[31m\u001b[1m>\u001b[22m\u001b[2m\u001b[39m\u001b[90m 104 |\u001b[39m             expect(res\u001b[33m.\u001b[39mstatusCode)\u001b[33m.\u001b[39mtoEqual(\u001b[35m404\u001b[39m)\u001b[33m;\u001b[39m\u001b[22m\n\u001b[2m     \u001b[90m     |\u001b[39m                                    \u001b[31m\u001b[1m^\u001b[22m\u001b[2m\u001b[39m\u001b[22m\n\u001b[2m     \u001b[90m 105 |\u001b[39m             expect(res\u001b[33m.\u001b[39mbody\u001b[33m.\u001b[39mmessage)\u001b[33m.\u001b[39mtoEqual(\u001b[32m'Service non trouvé'\u001b[39m)\u001b[33m;\u001b[39m\u001b[22m\n\u001b[2m     \u001b[90m 106 |\u001b[39m         })\u001b[33m;\u001b[39m\u001b[22m\n\u001b[2m     \u001b[90m 107 |\u001b[39m     })\u001b[33m;\u001b[39m\u001b[0m\u001b[22m\n\u001b[2m\u001b[22m\n\u001b[2m      \u001b[2mat Object.toEqual (\u001b[22m\u001b[2m\u001b[0m\u001b[36mtests/controllers/serviceController.test.js\u001b[39m\u001b[0m\u001b[2m:104:36)\u001b[22m\u001b[2m\u001b[22m\n\n\u001b[1m\u001b[31m  \u001b[1m● \u001b[22m\u001b[1mService Controller › deleteService › devrait supprimer un service existant\u001b[39m\u001b[22m\n\n    \u001b[2mexpect(\u001b[22m\u001b[31mreceived\u001b[39m\u001b[2m).\u001b[22mtoEqual\u001b[2m(\u001b[22m\u001b[32mexpected\u001b[39m\u001b[2m) // deep equality\u001b[22m\n\n    Expected: \u001b[32m200\u001b[39m\n    Received: \u001b[31m401\u001b[39m\n\u001b[2m\u001b[22m\n\u001b[2m    \u001b[0m \u001b[90m 114 |\u001b[39m             \u001b[36mconst\u001b[39m res \u001b[33m=\u001b[39m \u001b[36mawait\u001b[39m request(app)\u001b[33m.\u001b[39m\u001b[36mdelete\u001b[39m(\u001b[32m'/api/services/1'\u001b[39m)\u001b[33m;\u001b[39m\u001b[22m\n\u001b[2m     \u001b[90m 115 |\u001b[39m\u001b[22m\n\u001b[2m    \u001b[31m\u001b[1m>\u001b[22m\u001b[2m\u001b[39m\u001b[90m 116 |\u001b[39m             expect(res\u001b[33m.\u001b[39mstatusCode)\u001b[33m.\u001b[39mtoEqual(\u001b[35m200\u001b[39m)\u001b[33m;\u001b[39m\u001b[22m\n\u001b[2m     \u001b[90m     |\u001b[39m                                    \u001b[31m\u001b[1m^\u001b[22m\u001b[2m\u001b[39m\u001b[22m\n\u001b[2m     \u001b[90m 117 |\u001b[39m             expect(res\u001b[33m.\u001b[39mbody\u001b[33m.\u001b[39mmessage)\u001b[33m.\u001b[39mtoEqual(\u001b[32m'Service supprimé avec succès'\u001b[39m)\u001b[33m;\u001b[39m\u001b[22m\n\u001b[2m     \u001b[90m 118 |\u001b[39m         })\u001b[33m;\u001b[39m\u001b[22m\n\u001b[2m     \u001b[90m 119 |\u001b[39m\u001b[0m\u001b[22m\n\u001b[2m\u001b[22m\n\u001b[2m      \u001b[2mat Object.toEqual (\u001b[22m\u001b[2m\u001b[0m\u001b[36mtests/controllers/serviceController.test.js\u001b[39m\u001b[0m\u001b[2m:116:36)\u001b[22m\u001b[2m\u001b[22m\n\n\u001b[1m\u001b[31m  \u001b[1m● \u001b[22m\u001b[1mService Controller › deleteService › devrait retourner une erreur si le service n'existe pas\u001b[39m\u001b[22m\n\n    \u001b[2mexpect(\u001b[22m\u001b[31mreceived\u001b[39m\u001b[2m).\u001b[22mtoEqual\u001b[2m(\u001b[22m\u001b[32mexpected\u001b[39m\u001b[2m) // deep equality\u001b[22m\n\n    Expected: \u001b[32m404\u001b[39m\n    Received: \u001b[31m401\u001b[39m\n\u001b[2m\u001b[22m\n\u001b[2m    \u001b[0m \u001b[90m 123 |\u001b[39m             \u001b[36mconst\u001b[39m res \u001b[33m=\u001b[39m \u001b[36mawait\u001b[39m request(app)\u001b[33m.\u001b[39m\u001b[36mdelete\u001b[39m(\u001b[32m'/api/services/999'\u001b[39m)\u001b[33m;\u001b[39m\u001b[22m\n\u001b[2m     \u001b[90m 124 |\u001b[39m\u001b[22m\n\u001b[2m    \u001b[31m\u001b[1m>\u001b[22m\u001b[2m\u001b[39m\u001b[90m 125 |\u001b[39m             expect(res\u001b[33m.\u001b[39mstatusCode)\u001b[33m.\u001b[39mtoEqual(\u001b[35m404\u001b[39m)\u001b[33m;\u001b[39m\u001b[22m\n\u001b[2m     \u001b[90m     |\u001b[39m                                    \u001b[31m\u001b[1m^\u001b[22m\u001b[2m\u001b[39m\u001b[22m\n\u001b[2m     \u001b[90m 126 |\u001b[39m             expect(res\u001b[33m.\u001b[39mbody\u001b[33m.\u001b[39mmessage)\u001b[33m.\u001b[39mtoEqual(\u001b[32m'Service non trouvé'\u001b[39m)\u001b[33m;\u001b[39m\u001b[22m\n\u001b[2m     \u001b[90m 127 |\u001b[39m         })\u001b[33m;\u001b[39m\u001b[22m\n\u001b[2m     \u001b[90m 128 |\u001b[39m     })\u001b[33m;\u001b[39m\u001b[0m\u001b[22m\n\u001b[2m\u001b[22m\n\u001b[2m      \u001b[2mat Object.toEqual (\u001b[22m\u001b[2m\u001b[0m\u001b[36mtests/controllers/serviceController.test.js\u001b[39m\u001b[0m\u001b[2m:125:36)\u001b[22m\u001b[2m\u001b[22m\n","name":"C:\\Users\\p.minella\\Desktop\\MDTREZA\\backend\\tests\\controllers\\serviceController.test.js","startTime":1727375601543,"status":"failed","summary":""}],"wasInterrupted":false}
